<html>
<body>
<pre>
<h1>킮ision Build Log</h1>
<h2>Tool Versions:</h2>
IDE-Version: μVision V5.11.2.0
Copyright (C) 2014 ARM Ltd and ARM Germany GmbH. All rights reserved.
License Information: kong sang hyun, ib, LIC=VG6DY-I6R7L-5GM7V-PHDFB-33TTH-TBM8Q
 
Tool Versions:
Toolchain:       PK51 Prof. Developers Kit  Version: 9.53.0.0
Toolchain Path:  C:\Keil_v5\C51\BIN
C Compiler:      C51.exe V9.53.0.0
Assembler:       A51.exe V8.02b
Linker/Locator:  BL51.exe V6.22
Library Manager: LIB51.exe V4.30.0.2
Hex Converter:   OH51.exe V2.7.0.0
CPU DLL:         S8051.DLL V3.95.0.0
Dialog DLL:      DP51.DLL V2.62.0.1
Target DLL:      MON51.DLL V2.45
Dialog DLL:      TP51.DLL V2.58
 
<h2>Project:</h2>
D:\PROJECT\SMART_SENSOR\_RND_전력연구원 이파스\_FW_source\EPAS_ED_V1.0\MG2470B_EVK_ZED.uvproj
Project File Date:  12/30/2019

<h2>Output:</h2>
Rebuild target 'EndDevice'
assembling L51_BANK_RP_MG2470.a51...
assembling rpmemcpy.a51...
assembling STARTUP_BANK_RP_MG2470.a51...
compiling ADC.c...
compiling CLOCK.c...
compiling EXTI.c...
compiling FLASH.c...
compiling GPIO.c...
compiling GPIOINT.c...
compiling HMAC.c...
compiling i2c.c...
compiling PHY.c...
compiling POWER.c...
compiling PWM.c...
compiling SECURITY.c...
compiling SPI.c...
compiling TIMER.c...
compiling UART.c...
compiling WDT.c...
compiling HIB.c...
compiling irtx_NEC.c...
compiling UTIL_APP.c...
compiling UTIL_SYS.c...
compiling ib_main_sen.c...
compiling ib_sensor.c...
compiling ib_packet.c...
compiling ib_uart.c...
compiling ib_zigbee.c...
compiling ib_ir_sen.c...
compiling ib_temp_sen.c...
linking...
Program Size: data=18.1 xdata=5032 code=51405
creating hex file from ".\HEX\MG2470B_SSM_ZED_INS"...
User command #2: .\Rename_HexFile.bat
D:\PROJECT\SMART_SENSOR\_RND_전력연구원 이파스\_FW_source\EPAS_ED_V1.0>copy .\hex\MG2470B_SSM_ZED_INS.hex .\hex\MG2470B_SSM_ZED_INS_V1.6-20200120.hex 
        1개 파일이 복사되었습니다.
".\HEX\MG2470B_SSM_ZED_INS" - 0 Error(s), 0 Warning(s).
</pre>
</body>
</html>
issing ';' before 'typedef'
compiling ib_ir_sen.c...
Sample\EVB\ib_main_sen.h(303): error C129: missing ';' before 'typedef'
compiling ib_temp_sen.c...
Sample\EVB\ib_main_sen.h(303): error C129: missing ';' before 'typedef'
Target not created.
